<?xml version="1.0" encoding="UTF-8"?>
<!-- Generated by org.testng.reporters.JUnitReportReporter -->
<testsuite hostname="DESKTOP-IBC5DOM" failures="0" tests="1" name="skleptest.automation.functional.testNewsletter" time="2.176" errors="0" timestamp="2022-09-14T21:46:14 CEST" skipped="0">
  <testcase classname="skleptest.automation.functional.testNewsletter" name="subscribeNegative" time="2.176"/>
  <system-out/>
</testsuite> <!-- skleptest.automation.functional.testNewsletter -->
