<?xml version="1.0" encoding="UTF-8"?>
<!-- Generated by org.testng.reporters.JUnitReportReporter -->
<testsuite hostname="DESKTOP-IBC5DOM" failures="0" tests="3" name="skleptest.automation.functional.testSearch" time="5.276" errors="0" timestamp="2022-09-14T21:21:42 CEST" skipped="0">
  <testcase classname="skleptest.automation.functional.testSearch" name="searchPositive" time="2.668"/>
  <system-out/>
  <testcase classname="skleptest.automation.functional.testSearch" name="searchNegative" time="1.046"/>
  <system-out/>
  <testcase classname="skleptest.automation.functional.testSearch" name="nextSearchButtonTest" time="1.562"/>
  <system-out/>
</testsuite> <!-- skleptest.automation.functional.testSearch -->
